2023.12.03 03:06:55 INFO  Started: Metals version 1.1.0 in folders '/Users/rd/Coding/AoC/2023' for client Visual Studio Code 1.84.2.
2023.12.03 03:06:56 WARN  Build server is not auto-connectable.
2023.12.03 03:06:56 WARN  no build tool detected in workspace '/Users/rd/Coding/AoC/2023'. The most common cause for this problem is that the editor was opened in the wrong working directory, for example if you use sbt then the workspace directory should contain build.sbt. 
2023.12.03 03:07:07 INFO  no build target found for /Users/rd/Coding/AoC/2023/scala/day1/solver.sc. Using presentation compiler with project's scala-library version: 3.3.1
2023.12.03 11:50:58 WARN  Could not find semantic tokens for: file:///Users/rd/Coding/AoC/2023/scala/day1/solver.sc
2023.12.03 11:52:31 WARN  Could not find semantic tokens for: file:///Users/rd/Coding/AoC/2023/scala/day1/solver.sc
2023.12.03 11:55:03 INFO  Shutting down server
2023.12.03 11:55:03 INFO  shutting down Metals
2023.12.03 11:55:03 INFO  Exiting server
2023.12.03 11:55:03 WARN  Error requesting Scala script import
org.eclipse.lsp4j.jsonrpc.ResponseErrorException: Request window/showMessageRequest failed with message: Canceled
	at org.eclipse.lsp4j.jsonrpc.RemoteEndpoint.handleResponse(RemoteEndpoint.java:209)
	at org.eclipse.lsp4j.jsonrpc.RemoteEndpoint.consume(RemoteEndpoint.java:193)
	at org.eclipse.lsp4j.jsonrpc.json.StreamMessageProducer.handleMessage(StreamMessageProducer.java:194)
	at org.eclipse.lsp4j.jsonrpc.json.StreamMessageProducer.listen(StreamMessageProducer.java:94)
	at org.eclipse.lsp4j.jsonrpc.json.ConcurrentMessageProcessor.run(ConcurrentMessageProcessor.java:113)
	at java.util.concurrent.Executors$RunnableAdapter.call(Executors.java:515)
	at java.util.concurrent.FutureTask.run(FutureTask.java:264)
	at java.util.concurrent.ThreadPoolExecutor.runWorker(ThreadPoolExecutor.java:1128)
	at java.util.concurrent.ThreadPoolExecutor$Worker.run(ThreadPoolExecutor.java:628)
	at java.lang.Thread.run(Thread.java:829)

